<!DOCTYPE html>
<html>
  <head>
    <meta charset="utf-8"/>
    <title id="head-title">report_13-07-51.html</title>
      <link href="assets\style.css" rel="stylesheet" type="text/css"/>
  </head>
  <body>
    <h1 id="title">report_13-07-51.html</h1>
    <p>Report generated on 15-Dec-2025 at 13:09:53 by <a href="https://pypi.python.org/pypi/pytest-html">pytest-html</a>
        v4.1.1</p>
    <div id="environment-header">
      <h2>Environment</h2>
    </div>
    <table id="environment"></table>
    <!-- TEMPLATES -->
      <template id="template_environment_row">
      <tr>
        <td></td>
        <td></td>
      </tr>
    </template>
    <template id="template_results-table__body--empty">
      <tbody class="results-table-row">
        <tr id="not-found-message">
          <td colspan="4">No results found. Check the filters.</th>
        </tr>
    </template>
    <template id="template_results-table__tbody">
      <tbody class="results-table-row">
        <tr class="collapsible">
        </tr>
        <tr class="extras-row">
          <td class="extra" colspan="4">
            <div class="extraHTML"></div>
            <div class="media">
              <div class="media-container">
                  <div class="media-container__nav--left"><</div>
                  <div class="media-container__viewport">
                    <img src="" />
                    <video controls>
                      <source src="" type="video/mp4">
                    </video>
                  </div>
                  <div class="media-container__nav--right">></div>
                </div>
                <div class="media__name"></div>
                <div class="media__counter"></div>
            </div>
            <div class="logwrapper">
              <div class="logexpander"></div>
              <div class="log"></div>
            </div>
          </td>
        </tr>
      </tbody>
    </template>
    <!-- END TEMPLATES -->
    <div class="summary">
      <div class="summary__data">
        <h2>Summary</h2>
        <div class="additional-summary prefix">
          Report generated at: 2025-12-15 13:09:53
        </div>
        <p class="run-count">17 tests took 00:05:39.</p>
        <p class="filter">(Un)check the boxes to filter the results.</p>
        <div class="summary__reload">
          <div class="summary__reload__button hidden" onclick="location.reload()">
            <div>There are still tests running. <br />Reload this page to get the latest results!</div>
          </div>
        </div>
        <div class="summary__spacer"></div>
        <div class="controls">
          <div class="filters">
            <input checked="true" class="filter" name="filter_checkbox" type="checkbox" data-test-result="failed" />
            <span class="failed">5 Failed,</span>
            <input checked="true" class="filter" name="filter_checkbox" type="checkbox" data-test-result="passed" />
            <span class="passed">12 Passed,</span>
            <input checked="true" class="filter" name="filter_checkbox" type="checkbox" data-test-result="skipped" disabled/>
            <span class="skipped">0 Skipped,</span>
            <input checked="true" class="filter" name="filter_checkbox" type="checkbox" data-test-result="xfailed" disabled/>
            <span class="xfailed">0 Expected failures,</span>
            <input checked="true" class="filter" name="filter_checkbox" type="checkbox" data-test-result="xpassed" disabled/>
            <span class="xpassed">0 Unexpected passes,</span>
            <input checked="true" class="filter" name="filter_checkbox" type="checkbox" data-test-result="error" disabled/>
            <span class="error">0 Errors,</span>
            <input checked="true" class="filter" name="filter_checkbox" type="checkbox" data-test-result="rerun" disabled/>
            <span class="rerun">0 Reruns</span>
          </div>
          <div class="collapse">
            <button id="show_all_details">Show all details</button>&nbsp;/&nbsp;<button id="hide_all_details">Hide all details</button>
          </div>
        </div>
      </div>
      <div class="additional-summary summary">
      </div>
      <div class="additional-summary postfix">
      </div>
    </div>
    <table id="results-table">
      <thead id="results-table-head">
        <tr>
          <th class="sortable" data-column-type="result">Result</th>
          <th class="sortable" data-column-type="testId">Test</th>
          <th class="sortable" data-column-type="duration">Duration</th>
          <th>Links</th>
        </tr>
      </thead>
    </table>
  </body>
  <footer>
    <div id="data-container" data-jsonblob="{&#34;environment&#34;: {&#34;Python&#34;: &#34;3.13.5&#34;, &#34;Platform&#34;: &#34;Windows-10-10.0.19045-SP0&#34;, &#34;Packages&#34;: {&#34;pytest&#34;: &#34;9.0.2&#34;, &#34;pluggy&#34;: &#34;1.6.0&#34;}, &#34;CI&#34;: &#34;true&#34;, &#34;BUILD_NUMBER&#34;: &#34;5&#34;, &#34;BUILD_ID&#34;: &#34;5&#34;, &#34;BUILD_URL&#34;: &#34;http://localhost:8080/job/automation_exercise_job/5/&#34;, &#34;NODE_NAME&#34;: &#34;built-in&#34;, &#34;JOB_NAME&#34;: &#34;automation_exercise_job&#34;, &#34;BUILD_TAG&#34;: &#34;jenkins-automation_exercise_job-5&#34;, &#34;EXECUTOR_NUMBER&#34;: &#34;0&#34;, &#34;JENKINS_URL&#34;: &#34;http://localhost:8080/&#34;, &#34;WORKSPACE&#34;: &#34;C:\\ProgramData\\Jenkins\\.jenkins\\workspace\\automation_exercise_job&#34;, &#34;GIT_COMMIT&#34;: &#34;8907611f648327bd7afcae7c3999db885b2f2f17&#34;, &#34;GIT_URL&#34;: &#34;https://github.com/Tapshyu96/web_automation_exercise.git&#34;, &#34;GIT_BRANCH&#34;: &#34;origin/master&#34;, &#34;Project Name&#34;: &#34;Automation Exercise&#34;, &#34;Test Module Name&#34;: &#34;Login and Register&#34;, &#34;Tester Name&#34;: &#34;Tapshyu Ganvir&#34;}, &#34;tests&#34;: {&#34;test_cases/test_filters.py::TestFilters::test_to_check_brand_filter&#34;: [{&#34;extras&#34;: [], &#34;result&#34;: &#34;Failed&#34;, &#34;testId&#34;: &#34;test_cases/test_filters.py::TestFilters::test_to_check_brand_filter&#34;, &#34;duration&#34;: &#34;00:00:25&#34;, &#34;resultsTableRow&#34;: [&#34;&lt;td class=\&#34;col-result\&#34;&gt;Failed&lt;/td&gt;&#34;, &#34;&lt;td class=\&#34;col-testId\&#34;&gt;test_cases/test_filters.py::TestFilters::test_to_check_brand_filter&lt;/td&gt;&#34;, &#34;&lt;td class=\&#34;col-duration\&#34;&gt;00:00:25&lt;/td&gt;&#34;, &#34;&lt;td class=\&#34;col-links\&#34;&gt;&lt;/td&gt;&#34;], &#34;log&#34;: &#34;[gw2] win32 -- Python 3.13.5 C:\\Users\\Tapshyu Ganvir\\PycharmProjects\\automationexercise\\.venv\\Scripts\\python.exe\n\nself = &amp;lt;test_cases.test_filters.TestFilters object at 0x000001E14CDB3750&amp;gt;\nsetup = &amp;lt;selenium.webdriver.chrome.webdriver.WebDriver (session=&amp;quot;b32c53eb1d8270ead499a5fba017bce9&amp;quot;)&amp;gt;\n\n    @pytest.mark.sanity\n    @pytest.mark.regression\n    def test_to_check_brand_filter(self,setup):\n        self.driver = setup\n        self.driver.get(self.Url)\n        self.driver.maximize_window()\n        time.sleep(2)\n        self.logger.info(&amp;quot;********Home Page is displayed********************&amp;quot;)\n        self.home = HomePage(self.driver)\n        self.home.home_page(&amp;#x27;Products&amp;#x27;)\n        self.logger.info(&amp;quot;********Products Page is displayed********************&amp;quot;)\n        self.filter = FiltersSection(self.driver)\n        self.driver.execute_script(&amp;quot;window.scrollTo(0, 200);&amp;quot;)\n        self.logger.info(&amp;quot;********Brand Filters is displayed********************&amp;quot;)\n        for i in range(2):\n            assert self.driver.find_element(By.XPATH,&amp;quot;//div[contains(@class,&amp;#x27;brands_products&amp;#x27;)]&amp;quot;).is_displayed()\n&amp;gt;           brand_name, header = self.filter.brand_check(i)\n                                 ^^^^^^^^^^^^^^^^^^^^^^^^^^\n\ntest_cases\\test_filters.py:75: \n_ _ _ _ _ _ _ _ _ _ _ _ _ _ _ _ _ _ _ _ _ _ _ _ _ _ _ _ _ _ _ _ _ _ _ _ _ _ _ _\npages\\Filters.py:40: in brand_check\n    bi[brand].click()\n.venv\\Lib\\site-packages\\selenium\\webdriver\\remote\\webelement.py:114: in click\n    self._execute(Command.CLICK_ELEMENT)\n.venv\\Lib\\site-packages\\selenium\\webdriver\\remote\\webelement.py:508: in _execute\n    return self._parent.execute(command, params)\n           ^^^^^^^^^^^^^^^^^^^^^^^^^^^^^^^^^^^^^\n.venv\\Lib\\site-packages\\selenium\\webdriver\\remote\\webdriver.py:432: in execute\n    self.error_handler.check_response(response)\n_ _ _ _ _ _ _ _ _ _ _ _ _ _ _ _ _ _ _ _ _ _ _ _ _ _ _ _ _ _ _ _ _ _ _ _ _ _ _ _\n\nself = &amp;lt;selenium.webdriver.remote.errorhandler.ErrorHandler object at 0x000001E14CC07E00&amp;gt;\nresponse = {&amp;#x27;status&amp;#x27;: 400, &amp;#x27;value&amp;#x27;: &amp;#x27;{&amp;quot;value&amp;quot;:{&amp;quot;error&amp;quot;:&amp;quot;element click intercepted&amp;quot;,&amp;quot;message&amp;quot;:&amp;quot;element click intercepted: Element ...ff64bcb4e1f\\\\n\\\\t0x7ff64bc9b7c4\\\\n\\\\t0x7ff64bc9b97f\\\\n\\\\t0x7ff64bc818e8\\\\n\\\\t0x7ffca86d7374\\\\n\\\\t0x7ffca977cc91\\\\n&amp;quot;}}&amp;#x27;}\n\n    def check_response(self, response: dict[str, Any]) -&amp;gt; None:\n        &amp;quot;&amp;quot;&amp;quot;Check that a JSON response from the WebDriver does not have an error.\n    \n        Args:\n            response: The JSON response from the WebDriver server as a dictionary\n                object.\n    \n        Raises:\n            WebDriverException: If the response contains an error message.\n        &amp;quot;&amp;quot;&amp;quot;\n        status = response.get(&amp;quot;status&amp;quot;, None)\n        if not status or status == ErrorCode.SUCCESS:\n            return\n        value = None\n        message = response.get(&amp;quot;message&amp;quot;, &amp;quot;&amp;quot;)\n        screen: str = response.get(&amp;quot;screen&amp;quot;, &amp;quot;&amp;quot;)\n        stacktrace = None\n        if isinstance(status, int):\n            value_json = response.get(&amp;quot;value&amp;quot;, None)\n            if value_json and isinstance(value_json, str):\n                try:\n                    value = json.loads(value_json)\n                    if isinstance(value, dict):\n                        if len(value) == 1:\n                            value = value[&amp;quot;value&amp;quot;]\n                        status = value.get(&amp;quot;error&amp;quot;, None)\n                        if not status:\n                            status = value.get(&amp;quot;status&amp;quot;, ErrorCode.UNKNOWN_ERROR)\n                            message = value.get(&amp;quot;value&amp;quot;) or value.get(&amp;quot;message&amp;quot;)\n                            if not isinstance(message, str):\n                                value = message\n                                message = message.get(&amp;quot;message&amp;quot;) if isinstance(message, dict) else None\n                        else:\n                            message = value.get(&amp;quot;message&amp;quot;, None)\n                except ValueError:\n                    pass\n    \n        exception_class: type[WebDriverException]\n        e = ErrorCode()\n        error_codes = [item for item in dir(e) if not item.startswith(&amp;quot;__&amp;quot;)]\n        for error_code in error_codes:\n            error_info = getattr(ErrorCode, error_code)\n            if isinstance(error_info, list) and status in error_info:\n                exception_class = getattr(ExceptionMapping, error_code, WebDriverException)\n                break\n        else:\n            exception_class = WebDriverException\n    \n        if not value:\n            value = response[&amp;quot;value&amp;quot;]\n        if isinstance(value, str):\n            raise exception_class(value)\n        if message == &amp;quot;&amp;quot; and &amp;quot;message&amp;quot; in value:\n            message = value[&amp;quot;message&amp;quot;]\n    \n        screen = None  # type: ignore[assignment]\n        if &amp;quot;screen&amp;quot; in value:\n            screen = value[&amp;quot;screen&amp;quot;]\n    \n        stacktrace = None\n        st_value = value.get(&amp;quot;stackTrace&amp;quot;) or value.get(&amp;quot;stacktrace&amp;quot;)\n        if st_value:\n            if isinstance(st_value, str):\n                stacktrace = st_value.split(&amp;quot;\\n&amp;quot;)\n            else:\n                stacktrace = []\n                try:\n                    for frame in st_value:\n                        line = frame.get(&amp;quot;lineNumber&amp;quot;, &amp;quot;&amp;quot;)\n                        file = frame.get(&amp;quot;fileName&amp;quot;, &amp;quot;&amp;lt;anonymous&amp;gt;&amp;quot;)\n                        if line:\n                            file = f&amp;quot;{file}:{line}&amp;quot;\n                        meth = frame.get(&amp;quot;methodName&amp;quot;, &amp;quot;&amp;lt;anonymous&amp;gt;&amp;quot;)\n                        if &amp;quot;className&amp;quot; in frame:\n                            meth = f&amp;quot;{frame[&amp;#x27;className&amp;#x27;]}.{meth}&amp;quot;\n                        msg = &amp;quot;    at %s (%s)&amp;quot;\n                        msg = msg % (meth, file)\n                        stacktrace.append(msg)\n                except TypeError:\n                    pass\n        if exception_class == UnexpectedAlertPresentException:\n            alert_text = None\n            if &amp;quot;data&amp;quot; in value:\n                alert_text = value[&amp;quot;data&amp;quot;].get(&amp;quot;text&amp;quot;)\n            elif &amp;quot;alert&amp;quot; in value:\n                alert_text = value[&amp;quot;alert&amp;quot;].get(&amp;quot;text&amp;quot;)\n            raise exception_class(message, screen, stacktrace, alert_text)  # type: ignore[call-arg]  # mypy is not smart enough here\n&amp;gt;       raise exception_class(message, screen, stacktrace)\nE       selenium.common.exceptions.ElementClickInterceptedException: Message: element click intercepted: Element &amp;lt;a href=&amp;quot;/brand_products/Polo&amp;quot;&amp;gt;...&amp;lt;/a&amp;gt; is not clickable at point (140, 628). Other element would receive the click: &amp;lt;iframe id=&amp;quot;aswift_4&amp;quot; name=&amp;quot;aswift_4&amp;quot; style=&amp;quot;min-height: auto; max-height: none; min-width: auto; max-width: none; width: 1005px !important; height: 124px !important; display: block; margin: 0px auto;&amp;quot; sandbox=&amp;quot;allow-forms allow-popups allow-popups-to-escape-sandbox allow-same-origin allow-scripts allow-top-navigation-by-user-activation&amp;quot; width=&amp;quot;1005&amp;quot; height=&amp;quot;124&amp;quot; frameborder=&amp;quot;0&amp;quot; marginwidth=&amp;quot;0&amp;quot; marginheight=&amp;quot;0&amp;quot; vspace=&amp;quot;0&amp;quot; hspace=&amp;quot;0&amp;quot; allowtransparency=&amp;quot;true&amp;quot; scrolling=&amp;quot;no&amp;quot; allow=&amp;quot;attribution-reporting; run-ad-auction&amp;quot; src=&amp;quot;https://googleads.g.doubleclick.net/pagead/html/r20251211/r20190131/zrt_lookup_fy2021.html#RS-0-&amp;amp;amp;adk=1812271801&amp;amp;amp;client=ca-pub-1677597403311019&amp;amp;amp;fa=1&amp;amp;amp;ifi=5&amp;amp;amp;uci=a!5&amp;amp;amp;btvi=2&amp;quot; data-google-container-id=&amp;quot;a!5&amp;quot; tabindex=&amp;quot;0&amp;quot; title=&amp;quot;Advertisement&amp;quot; aria-label=&amp;quot;Advertisement&amp;quot; data-google-query-id=&amp;quot;CJjQn4qLv5EDFaNAnQkdhGUAXg&amp;quot; data-load-complete=&amp;quot;true&amp;quot;&amp;gt;&amp;lt;/iframe&amp;gt;\nE         (Session info: chrome=142.0.7444.176); For documentation on this error, please visit: https://www.selenium.dev/documentation/webdriver/troubleshooting/errors#elementclickinterceptedexception\nE       Stacktrace:\nE       Symbols not available. Dumping unresolved backtrace:\nE       \t0x7ff64bf3a235\nE       \t0x7ff64bc92630\nE       \t0x7ff64ba216dd\nE       \t0x7ff64ba824c9\nE       \t0x7ff64ba7fe4e\nE       \t0x7ff64ba7cd71\nE       \t0x7ff64ba7bc10\nE       \t0x7ff64ba6d3a8\nE       \t0x7ff64baa2b0a\nE       \t0x7ff64ba6cc36\nE       \t0x7ff64bacbaba\nE       \t0x7ff64ba6b0ed\nE       \t0x7ff64ba6bf63\nE       \t0x7ff64bf65d60\nE       \t0x7ff64bf5fe8a\nE       \t0x7ff64bf81005\nE       \t0x7ff64bcad71e\nE       \t0x7ff64bcb4e1f\nE       \t0x7ff64bc9b7c4\nE       \t0x7ff64bc9b97f\nE       \t0x7ff64bc818e8\nE       \t0x7ffca86d7374\nE       \t0x7ffca977cc91\n\n.venv\\Lib\\site-packages\\selenium\\webdriver\\remote\\errorhandler.py:232: ElementClickInterceptedException\n\n------------------------------ Captured log call -------------------------------\nINFO     root:test_filters.py:66 ********Home Page is displayed********************\nINFO     root:test_filters.py:69 ********Products Page is displayed********************\nINFO     root:test_filters.py:72 ********Brand Filters is displayed********************\n\n&#34;}], &#34;test_cases/test_cart.py::TestCart::test_remove_product_from_cart&#34;: [{&#34;extras&#34;: [], &#34;result&#34;: &#34;Passed&#34;, &#34;testId&#34;: &#34;test_cases/test_cart.py::TestCart::test_remove_product_from_cart&#34;, &#34;duration&#34;: &#34;00:00:27&#34;, &#34;resultsTableRow&#34;: [&#34;&lt;td class=\&#34;col-result\&#34;&gt;Passed&lt;/td&gt;&#34;, &#34;&lt;td class=\&#34;col-testId\&#34;&gt;test_cases/test_cart.py::TestCart::test_remove_product_from_cart&lt;/td&gt;&#34;, &#34;&lt;td class=\&#34;col-duration\&#34;&gt;00:00:27&lt;/td&gt;&#34;, &#34;&lt;td class=\&#34;col-links\&#34;&gt;&lt;/td&gt;&#34;], &#34;log&#34;: &#34;[gw1] win32 -- Python 3.13.5 C:\\Users\\Tapshyu Ganvir\\PycharmProjects\\automationexercise\\.venv\\Scripts\\python.exe\n\n------------------------------ Captured log call -------------------------------\nINFO     root:test_cart.py:179 ********Home Page is displayed********************\nINFO     root:test_cart.py:188 ********Product Added Successfully in cart********************\nINFO     root:test_cart.py:202 ********Blue Top item found in cart********************\n\n&#34;}], &#34;test_cases/test_cart.py::TestCart::test_add_product_to_cart&#34;: [{&#34;extras&#34;: [], &#34;result&#34;: &#34;Failed&#34;, &#34;testId&#34;: &#34;test_cases/test_cart.py::TestCart::test_add_product_to_cart&#34;, &#34;duration&#34;: &#34;00:00:28&#34;, &#34;resultsTableRow&#34;: [&#34;&lt;td class=\&#34;col-result\&#34;&gt;Failed&lt;/td&gt;&#34;, &#34;&lt;td class=\&#34;col-testId\&#34;&gt;test_cases/test_cart.py::TestCart::test_add_product_to_cart&lt;/td&gt;&#34;, &#34;&lt;td class=\&#34;col-duration\&#34;&gt;00:00:28&lt;/td&gt;&#34;, &#34;&lt;td class=\&#34;col-links\&#34;&gt;&lt;/td&gt;&#34;], &#34;log&#34;: &#34;[gw0] win32 -- Python 3.13.5 C:\\Users\\Tapshyu Ganvir\\PycharmProjects\\automationexercise\\.venv\\Scripts\\python.exe\n\nself = &amp;lt;test_cases.test_cart.TestCart object at 0x000001DC08292E90&amp;gt;\nsetup = &amp;lt;selenium.webdriver.chrome.webdriver.WebDriver (session=&amp;quot;b65db6fdba0b184d7870fb316f91c325&amp;quot;)&amp;gt;\n\n    @pytest.mark.sanity\n    def test_add_product_to_cart(self,setup):\n        self.driver = setup\n        self.driver.get(self.Url)\n        self.driver.maximize_window()\n        time.sleep(2)\n        self.logger.info(&amp;quot;********Home Page is displayed********************&amp;quot;)\n        self.home = HomePage(self.driver)\n        self.home.home_page(&amp;#x27;Products&amp;#x27;)\n        self.logger.info(&amp;quot;********Products Page is displayed********************&amp;quot;)\n        self.product_action = ProductPage(self.driver)\n        items_price = []\n        items_name = []\n        self.logger.info(&amp;quot;********Products are getting added to cart********************&amp;quot;)\n        for i in range(2):\n            item_price = self.product_action.get_item_price_from_product_page(i)\n            items_price.append(item_price)\n            get_item_name = self.product_action.add_product_to_cart(i)\n            items_name.append(get_item_name)\n            alert_box = self.driver.find_element(By.XPATH, &amp;quot;//div[@class=&amp;#x27;modal-content&amp;#x27;]&amp;quot;)\n            time.sleep(2)\n&amp;gt;           assert alert_box.is_displayed()\nE           assert False\nE            +  where False = is_displayed()\nE            +    where is_displayed = &amp;lt;selenium.webdriver.remote.webelement.WebElement (session=&amp;quot;b65db6fdba0b184d7870fb316f91c325&amp;quot;, element=&amp;quot;f.EE739AA2814BE0A459F867E4453F4DCC.d.9176EE317701F860E8E3E846CF83A84E.e.179&amp;quot;)&amp;gt;.is_displayed\n\ntest_cases\\test_cart.py:48: AssertionError\n\n------------------------------ Captured log call -------------------------------\nINFO     root:test_cart.py:33 ********Home Page is displayed********************\nINFO     root:test_cart.py:36 ********Products Page is displayed********************\nINFO     root:test_cart.py:40 ********Products are getting added to cart********************\n\n&#34;}], &#34;test_cases/test_login.py::Test01Login::test_verify_page_title&#34;: [{&#34;extras&#34;: [], &#34;result&#34;: &#34;Passed&#34;, &#34;testId&#34;: &#34;test_cases/test_login.py::Test01Login::test_verify_page_title&#34;, &#34;duration&#34;: &#34;00:00:10&#34;, &#34;resultsTableRow&#34;: [&#34;&lt;td class=\&#34;col-result\&#34;&gt;Passed&lt;/td&gt;&#34;, &#34;&lt;td class=\&#34;col-testId\&#34;&gt;test_cases/test_login.py::Test01Login::test_verify_page_title&lt;/td&gt;&#34;, &#34;&lt;td class=\&#34;col-duration\&#34;&gt;00:00:10&lt;/td&gt;&#34;, &#34;&lt;td class=\&#34;col-links\&#34;&gt;&lt;/td&gt;&#34;], &#34;log&#34;: &#34;[gw2] win32 -- Python 3.13.5 C:\\Users\\Tapshyu Ganvir\\PycharmProjects\\automationexercise\\.venv\\Scripts\\python.exe\n\n------------------------------ Captured log call -------------------------------\nINFO     root:test_login.py:27 *********test_verify_page_title********************\nINFO     root:test_login.py:34 *********Title Matched with Expected Title********************\n\n&#34;}], &#34;test_cases/test_filters.py::TestFilters::test_to_check_category&#34;: [{&#34;extras&#34;: [], &#34;result&#34;: &#34;Failed&#34;, &#34;testId&#34;: &#34;test_cases/test_filters.py::TestFilters::test_to_check_category&#34;, &#34;duration&#34;: &#34;00:00:16&#34;, &#34;resultsTableRow&#34;: [&#34;&lt;td class=\&#34;col-result\&#34;&gt;Failed&lt;/td&gt;&#34;, &#34;&lt;td class=\&#34;col-testId\&#34;&gt;test_cases/test_filters.py::TestFilters::test_to_check_category&lt;/td&gt;&#34;, &#34;&lt;td class=\&#34;col-duration\&#34;&gt;00:00:16&lt;/td&gt;&#34;, &#34;&lt;td class=\&#34;col-links\&#34;&gt;&lt;/td&gt;&#34;], &#34;log&#34;: &#34;[gw1] win32 -- Python 3.13.5 C:\\Users\\Tapshyu Ganvir\\PycharmProjects\\automationexercise\\.venv\\Scripts\\python.exe\n\nself = &amp;lt;test_cases.test_filters.TestFilters object at 0x000001CE1F7F3610&amp;gt;\nsetup = &amp;lt;selenium.webdriver.chrome.webdriver.WebDriver (session=&amp;quot;c13a7a1cda4c2a401c66ca9d4cf284ab&amp;quot;)&amp;gt;\n\n    @pytest.mark.sanity\n    @pytest.mark.regression\n    def test_to_check_category(self,setup):\n        self.driver = setup\n        self.driver.get(self.Url)\n        self.driver.maximize_window()\n        time.sleep(2)\n        self.logger.info(&amp;quot;********Home Page is displayed********************&amp;quot;)\n        self.home = HomePage(self.driver)\n        self.product = ProductPage(self.driver)\n        self.filter = FiltersSection(self.driver)\n        self.driver.execute_script(&amp;quot;window.scrollTo(0, 200);&amp;quot;)\n        self.logger.info(&amp;quot;********Category is displayed********************&amp;quot;)\n        for i in range(2):\n            assert self.driver.find_element(By.XPATH,&amp;quot;//div[contains(@class,&amp;#x27;category-products&amp;#x27;)]&amp;quot;).is_displayed()\n&amp;gt;           main_category, subcategory, header = self.filter.category_check(i)\n                                                 ^^^^^^^^^^^^^^^^^^^^^^^^^^^^^\n\ntest_cases\\test_filters.py:43: \n_ _ _ _ _ _ _ _ _ _ _ _ _ _ _ _ _ _ _ _ _ _ _ _ _ _ _ _ _ _ _ _ _ _ _ _ _ _ _ _\npages\\Filters.py:27: in category_check\n    e[cat].click()\n.venv\\Lib\\site-packages\\selenium\\webdriver\\remote\\webelement.py:114: in click\n    self._execute(Command.CLICK_ELEMENT)\n.venv\\Lib\\site-packages\\selenium\\webdriver\\remote\\webelement.py:508: in _execute\n    return self._parent.execute(command, params)\n           ^^^^^^^^^^^^^^^^^^^^^^^^^^^^^^^^^^^^^\n.venv\\Lib\\site-packages\\selenium\\webdriver\\remote\\webdriver.py:432: in execute\n    self.error_handler.check_response(response)\n_ _ _ _ _ _ _ _ _ _ _ _ _ _ _ _ _ _ _ _ _ _ _ _ _ _ _ _ _ _ _ _ _ _ _ _ _ _ _ _\n\nself = &amp;lt;selenium.webdriver.remote.errorhandler.ErrorHandler object at 0x000001CE1F8D1450&amp;gt;\nresponse = {&amp;#x27;status&amp;#x27;: 400, &amp;#x27;value&amp;#x27;: &amp;#x27;{&amp;quot;value&amp;quot;:{&amp;quot;error&amp;quot;:&amp;quot;element click intercepted&amp;quot;,&amp;quot;message&amp;quot;:&amp;quot;element click intercepted: Element ...ff64bcb4e1f\\\\n\\\\t0x7ff64bc9b7c4\\\\n\\\\t0x7ff64bc9b97f\\\\n\\\\t0x7ff64bc818e8\\\\n\\\\t0x7ffca86d7374\\\\n\\\\t0x7ffca977cc91\\\\n&amp;quot;}}&amp;#x27;}\n\n    def check_response(self, response: dict[str, Any]) -&amp;gt; None:\n        &amp;quot;&amp;quot;&amp;quot;Check that a JSON response from the WebDriver does not have an error.\n    \n        Args:\n            response: The JSON response from the WebDriver server as a dictionary\n                object.\n    \n        Raises:\n            WebDriverException: If the response contains an error message.\n        &amp;quot;&amp;quot;&amp;quot;\n        status = response.get(&amp;quot;status&amp;quot;, None)\n        if not status or status == ErrorCode.SUCCESS:\n            return\n        value = None\n        message = response.get(&amp;quot;message&amp;quot;, &amp;quot;&amp;quot;)\n        screen: str = response.get(&amp;quot;screen&amp;quot;, &amp;quot;&amp;quot;)\n        stacktrace = None\n        if isinstance(status, int):\n            value_json = response.get(&amp;quot;value&amp;quot;, None)\n            if value_json and isinstance(value_json, str):\n                try:\n                    value = json.loads(value_json)\n                    if isinstance(value, dict):\n                        if len(value) == 1:\n                            value = value[&amp;quot;value&amp;quot;]\n                        status = value.get(&amp;quot;error&amp;quot;, None)\n                        if not status:\n                            status = value.get(&amp;quot;status&amp;quot;, ErrorCode.UNKNOWN_ERROR)\n                            message = value.get(&amp;quot;value&amp;quot;) or value.get(&amp;quot;message&amp;quot;)\n                            if not isinstance(message, str):\n                                value = message\n                                message = message.get(&amp;quot;message&amp;quot;) if isinstance(message, dict) else None\n                        else:\n                            message = value.get(&amp;quot;message&amp;quot;, None)\n                except ValueError:\n                    pass\n    \n        exception_class: type[WebDriverException]\n        e = ErrorCode()\n        error_codes = [item for item in dir(e) if not item.startswith(&amp;quot;__&amp;quot;)]\n        for error_code in error_codes:\n            error_info = getattr(ErrorCode, error_code)\n            if isinstance(error_info, list) and status in error_info:\n                exception_class = getattr(ExceptionMapping, error_code, WebDriverException)\n                break\n        else:\n            exception_class = WebDriverException\n    \n        if not value:\n            value = response[&amp;quot;value&amp;quot;]\n        if isinstance(value, str):\n            raise exception_class(value)\n        if message == &amp;quot;&amp;quot; and &amp;quot;message&amp;quot; in value:\n            message = value[&amp;quot;message&amp;quot;]\n    \n        screen = None  # type: ignore[assignment]\n        if &amp;quot;screen&amp;quot; in value:\n            screen = value[&amp;quot;screen&amp;quot;]\n    \n        stacktrace = None\n        st_value = value.get(&amp;quot;stackTrace&amp;quot;) or value.get(&amp;quot;stacktrace&amp;quot;)\n        if st_value:\n            if isinstance(st_value, str):\n                stacktrace = st_value.split(&amp;quot;\\n&amp;quot;)\n            else:\n                stacktrace = []\n                try:\n                    for frame in st_value:\n                        line = frame.get(&amp;quot;lineNumber&amp;quot;, &amp;quot;&amp;quot;)\n                        file = frame.get(&amp;quot;fileName&amp;quot;, &amp;quot;&amp;lt;anonymous&amp;gt;&amp;quot;)\n                        if line:\n                            file = f&amp;quot;{file}:{line}&amp;quot;\n                        meth = frame.get(&amp;quot;methodName&amp;quot;, &amp;quot;&amp;lt;anonymous&amp;gt;&amp;quot;)\n                        if &amp;quot;className&amp;quot; in frame:\n                            meth = f&amp;quot;{frame[&amp;#x27;className&amp;#x27;]}.{meth}&amp;quot;\n                        msg = &amp;quot;    at %s (%s)&amp;quot;\n                        msg = msg % (meth, file)\n                        stacktrace.append(msg)\n                except TypeError:\n                    pass\n        if exception_class == UnexpectedAlertPresentException:\n            alert_text = None\n            if &amp;quot;data&amp;quot; in value:\n                alert_text = value[&amp;quot;data&amp;quot;].get(&amp;quot;text&amp;quot;)\n            elif &amp;quot;alert&amp;quot; in value:\n                alert_text = value[&amp;quot;alert&amp;quot;].get(&amp;quot;text&amp;quot;)\n            raise exception_class(message, screen, stacktrace, alert_text)  # type: ignore[call-arg]  # mypy is not smart enough here\n&amp;gt;       raise exception_class(message, screen, stacktrace)\nE       selenium.common.exceptions.ElementClickInterceptedException: Message: element click intercepted: Element &amp;lt;span class=&amp;quot;badge pull-right&amp;quot;&amp;gt;...&amp;lt;/span&amp;gt; is not clickable at point (214, 525). Other element would receive the click: &amp;lt;iframe id=&amp;quot;aswift_8&amp;quot; name=&amp;quot;aswift_8&amp;quot; style=&amp;quot;min-height: auto; max-height: none; min-width: auto; max-width: none; width: 1005px !important; height: 124px !important; display: block; margin: 0px auto;&amp;quot; sandbox=&amp;quot;allow-forms allow-popups allow-popups-to-escape-sandbox allow-same-origin allow-scripts allow-top-navigation-by-user-activation&amp;quot; width=&amp;quot;1005&amp;quot; height=&amp;quot;124&amp;quot; frameborder=&amp;quot;0&amp;quot; marginwidth=&amp;quot;0&amp;quot; marginheight=&amp;quot;0&amp;quot; vspace=&amp;quot;0&amp;quot; hspace=&amp;quot;0&amp;quot; allowtransparency=&amp;quot;true&amp;quot; scrolling=&amp;quot;no&amp;quot; allow=&amp;quot;attribution-reporting; run-ad-auction&amp;quot; src=&amp;quot;https://googleads.g.doubleclick.net/pagead/html/r20251211/r20190131/zrt_lookup_fy2021.html#RS-0-&amp;amp;amp;adk=1812271801&amp;amp;amp;client=ca-pub-1677597403311019&amp;amp;amp;fa=1&amp;amp;amp;ifi=9&amp;amp;amp;uci=a!9&amp;amp;amp;btvi=3&amp;quot; data-google-container-id=&amp;quot;a!9&amp;quot; tabindex=&amp;quot;0&amp;quot; title=&amp;quot;Advertisement&amp;quot; aria-label=&amp;quot;Advertisement&amp;quot; data-google-query-id=&amp;quot;CKaDlJKLv5EDFVGt6QUdBJQoFg&amp;quot; data-load-complete=&amp;quot;true&amp;quot;&amp;gt;&amp;lt;/iframe&amp;gt;\nE         (Session info: chrome=142.0.7444.176); For documentation on this error, please visit: https://www.selenium.dev/documentation/webdriver/troubleshooting/errors#elementclickinterceptedexception\nE       Stacktrace:\nE       Symbols not available. Dumping unresolved backtrace:\nE       \t0x7ff64bf3a235\nE       \t0x7ff64bc92630\nE       \t0x7ff64ba216dd\nE       \t0x7ff64ba824c9\nE       \t0x7ff64ba7fe4e\nE       \t0x7ff64ba7cd71\nE       \t0x7ff64ba7bc10\nE       \t0x7ff64ba6d3a8\nE       \t0x7ff64baa2b0a\nE       \t0x7ff64ba6cc36\nE       \t0x7ff64bacbaba\nE       \t0x7ff64ba6b0ed\nE       \t0x7ff64ba6bf63\nE       \t0x7ff64bf65d60\nE       \t0x7ff64bf5fe8a\nE       \t0x7ff64bf81005\nE       \t0x7ff64bcad71e\nE       \t0x7ff64bcb4e1f\nE       \t0x7ff64bc9b7c4\nE       \t0x7ff64bc9b97f\nE       \t0x7ff64bc818e8\nE       \t0x7ffca86d7374\nE       \t0x7ffca977cc91\n\n.venv\\Lib\\site-packages\\selenium\\webdriver\\remote\\errorhandler.py:232: ElementClickInterceptedException\n\n------------------------------ Captured log call -------------------------------\nINFO     root:test_filters.py:35 ********Home Page is displayed********************\nINFO     root:test_filters.py:40 ********Category is displayed********************\n\n&#34;}], &#34;test_cases/test_cart.py::TestCart::test_verify_the_quantity_in_cart&#34;: [{&#34;extras&#34;: [], &#34;result&#34;: &#34;Failed&#34;, &#34;testId&#34;: &#34;test_cases/test_cart.py::TestCart::test_verify_the_quantity_in_cart&#34;, &#34;duration&#34;: &#34;00:00:23&#34;, &#34;resultsTableRow&#34;: [&#34;&lt;td class=\&#34;col-result\&#34;&gt;Failed&lt;/td&gt;&#34;, &#34;&lt;td class=\&#34;col-testId\&#34;&gt;test_cases/test_cart.py::TestCart::test_verify_the_quantity_in_cart&lt;/td&gt;&#34;, &#34;&lt;td class=\&#34;col-duration\&#34;&gt;00:00:23&lt;/td&gt;&#34;, &#34;&lt;td class=\&#34;col-links\&#34;&gt;&lt;/td&gt;&#34;], &#34;log&#34;: &#34;[gw0] win32 -- Python 3.13.5 C:\\Users\\Tapshyu Ganvir\\PycharmProjects\\automationexercise\\.venv\\Scripts\\python.exe\n\nself = &amp;lt;test_cases.test_cart.TestCart object at 0x000001DC08293390&amp;gt;\nsetup = &amp;lt;selenium.webdriver.chrome.webdriver.WebDriver (session=&amp;quot;007f6ffb1e37b085137c55f44e93462f&amp;quot;)&amp;gt;\n\n    @pytest.mark.sanity\n    def test_verify_the_quantity_in_cart(self,setup):\n        self.driver = setup\n        self.driver.get(self.Url)\n        self.driver.maximize_window()\n        self.logger.info(&amp;quot;********Home Page is displayed********************&amp;quot;)\n        time.sleep(2)\n        self.home = HomePage(self.driver)\n        self.home.home_page(&amp;#x27;Products&amp;#x27;)\n        self.logger.info(&amp;quot;********Products Page is displayed********************&amp;quot;)\n        self.product_action = ProductPage(self.driver)\n    \n        items_price = []\n        items_name = []\n        item_price = self.product_action.get_item_price_from_product_page(0)\n        items_price.append(item_price)\n        self.driver.execute_script(&amp;quot;window.scrollTo(0, 300);&amp;quot;)\n&amp;gt;       self.product_action.items()\n\ntest_cases\\test_cart.py:129: \n_ _ _ _ _ _ _ _ _ _ _ _ _ _ _ _ _ _ _ _ _ _ _ _ _ _ _ _ _ _ _ _ _ _ _ _ _ _ _ _\npages\\Product_Page.py:43: in items\n    items_view[0].click()\n.venv\\Lib\\site-packages\\selenium\\webdriver\\remote\\webelement.py:114: in click\n    self._execute(Command.CLICK_ELEMENT)\n.venv\\Lib\\site-packages\\selenium\\webdriver\\remote\\webelement.py:508: in _execute\n    return self._parent.execute(command, params)\n           ^^^^^^^^^^^^^^^^^^^^^^^^^^^^^^^^^^^^^\n.venv\\Lib\\site-packages\\selenium\\webdriver\\remote\\webdriver.py:432: in execute\n    self.error_handler.check_response(response)\n_ _ _ _ _ _ _ _ _ _ _ _ _ _ _ _ _ _ _ _ _ _ _ _ _ _ _ _ _ _ _ _ _ _ _ _ _ _ _ _\n\nself = &amp;lt;selenium.webdriver.remote.errorhandler.ErrorHandler object at 0x000001DC08371810&amp;gt;\nresponse = {&amp;#x27;status&amp;#x27;: 400, &amp;#x27;value&amp;#x27;: &amp;#x27;{&amp;quot;value&amp;quot;:{&amp;quot;error&amp;quot;:&amp;quot;element click intercepted&amp;quot;,&amp;quot;message&amp;quot;:&amp;quot;element click intercepted: Element ...ff64bcb4e1f\\\\n\\\\t0x7ff64bc9b7c4\\\\n\\\\t0x7ff64bc9b97f\\\\n\\\\t0x7ff64bc818e8\\\\n\\\\t0x7ffca86d7374\\\\n\\\\t0x7ffca977cc91\\\\n&amp;quot;}}&amp;#x27;}\n\n    def check_response(self, response: dict[str, Any]) -&amp;gt; None:\n        &amp;quot;&amp;quot;&amp;quot;Check that a JSON response from the WebDriver does not have an error.\n    \n        Args:\n            response: The JSON response from the WebDriver server as a dictionary\n                object.\n    \n        Raises:\n            WebDriverException: If the response contains an error message.\n        &amp;quot;&amp;quot;&amp;quot;\n        status = response.get(&amp;quot;status&amp;quot;, None)\n        if not status or status == ErrorCode.SUCCESS:\n            return\n        value = None\n        message = response.get(&amp;quot;message&amp;quot;, &amp;quot;&amp;quot;)\n        screen: str = response.get(&amp;quot;screen&amp;quot;, &amp;quot;&amp;quot;)\n        stacktrace = None\n        if isinstance(status, int):\n            value_json = response.get(&amp;quot;value&amp;quot;, None)\n            if value_json and isinstance(value_json, str):\n                try:\n                    value = json.loads(value_json)\n                    if isinstance(value, dict):\n                        if len(value) == 1:\n                            value = value[&amp;quot;value&amp;quot;]\n                        status = value.get(&amp;quot;error&amp;quot;, None)\n                        if not status:\n                            status = value.get(&amp;quot;status&amp;quot;, ErrorCode.UNKNOWN_ERROR)\n                            message = value.get(&amp;quot;value&amp;quot;) or value.get(&amp;quot;message&amp;quot;)\n                            if not isinstance(message, str):\n                                value = message\n                                message = message.get(&amp;quot;message&amp;quot;) if isinstance(message, dict) else None\n                        else:\n                            message = value.get(&amp;quot;message&amp;quot;, None)\n                except ValueError:\n                    pass\n    \n        exception_class: type[WebDriverException]\n        e = ErrorCode()\n        error_codes = [item for item in dir(e) if not item.startswith(&amp;quot;__&amp;quot;)]\n        for error_code in error_codes:\n            error_info = getattr(ErrorCode, error_code)\n            if isinstance(error_info, list) and status in error_info:\n                exception_class = getattr(ExceptionMapping, error_code, WebDriverException)\n                break\n        else:\n            exception_class = WebDriverException\n    \n        if not value:\n            value = response[&amp;quot;value&amp;quot;]\n        if isinstance(value, str):\n            raise exception_class(value)\n        if message == &amp;quot;&amp;quot; and &amp;quot;message&amp;quot; in value:\n            message = value[&amp;quot;message&amp;quot;]\n    \n        screen = None  # type: ignore[assignment]\n        if &amp;quot;screen&amp;quot; in value:\n            screen = value[&amp;quot;screen&amp;quot;]\n    \n        stacktrace = None\n        st_value = value.get(&amp;quot;stackTrace&amp;quot;) or value.get(&amp;quot;stacktrace&amp;quot;)\n        if st_value:\n            if isinstance(st_value, str):\n                stacktrace = st_value.split(&amp;quot;\\n&amp;quot;)\n            else:\n                stacktrace = []\n                try:\n                    for frame in st_value:\n                        line = frame.get(&amp;quot;lineNumber&amp;quot;, &amp;quot;&amp;quot;)\n                        file = frame.get(&amp;quot;fileName&amp;quot;, &amp;quot;&amp;lt;anonymous&amp;gt;&amp;quot;)\n                        if line:\n                            file = f&amp;quot;{file}:{line}&amp;quot;\n                        meth = frame.get(&amp;quot;methodName&amp;quot;, &amp;quot;&amp;lt;anonymous&amp;gt;&amp;quot;)\n                        if &amp;quot;className&amp;quot; in frame:\n                            meth = f&amp;quot;{frame[&amp;#x27;className&amp;#x27;]}.{meth}&amp;quot;\n                        msg = &amp;quot;    at %s (%s)&amp;quot;\n                        msg = msg % (meth, file)\n                        stacktrace.append(msg)\n                except TypeError:\n                    pass\n        if exception_class == UnexpectedAlertPresentException:\n            alert_text = None\n            if &amp;quot;data&amp;quot; in value:\n                alert_text = value[&amp;quot;data&amp;quot;].get(&amp;quot;text&amp;quot;)\n            elif &amp;quot;alert&amp;quot; in value:\n                alert_text = value[&amp;quot;alert&amp;quot;].get(&amp;quot;text&amp;quot;)\n            raise exception_class(message, screen, stacktrace, alert_text)  # type: ignore[call-arg]  # mypy is not smart enough here\n&amp;gt;       raise exception_class(message, screen, stacktrace)\nE       selenium.common.exceptions.ElementClickInterceptedException: Message: element click intercepted: Element &amp;lt;a href=&amp;quot;/product_details/1&amp;quot; style=&amp;quot;color: brown;&amp;quot;&amp;gt;...&amp;lt;/a&amp;gt; is not clickable at point (395, 613). Other element would receive the click: &amp;lt;iframe id=&amp;quot;aswift_5&amp;quot; name=&amp;quot;aswift_5&amp;quot; style=&amp;quot;min-height: auto; max-height: none; min-width: auto; max-width: none; width: 1005px !important; height: 124px !important; display: block; margin: 0px auto;&amp;quot; sandbox=&amp;quot;allow-forms allow-popups allow-popups-to-escape-sandbox allow-same-origin allow-scripts allow-top-navigation-by-user-activation&amp;quot; width=&amp;quot;1005&amp;quot; height=&amp;quot;124&amp;quot; frameborder=&amp;quot;0&amp;quot; marginwidth=&amp;quot;0&amp;quot; marginheight=&amp;quot;0&amp;quot; vspace=&amp;quot;0&amp;quot; hspace=&amp;quot;0&amp;quot; allowtransparency=&amp;quot;true&amp;quot; scrolling=&amp;quot;no&amp;quot; allow=&amp;quot;attribution-reporting; run-ad-auction&amp;quot; src=&amp;quot;https://googleads.g.doubleclick.net/pagead/html/r20251211/r20190131/zrt_lookup_fy2021.html#RS-0-&amp;amp;amp;adk=1812271801&amp;amp;amp;client=ca-pub-1677597403311019&amp;amp;amp;fa=1&amp;amp;amp;ifi=6&amp;amp;amp;uci=a!6&amp;amp;amp;btvi=3&amp;quot; data-google-container-id=&amp;quot;a!6&amp;quot; tabindex=&amp;quot;0&amp;quot; title=&amp;quot;Advertisement&amp;quot; aria-label=&amp;quot;Advertisement&amp;quot; data-google-query-id=&amp;quot;CLOSsZeLv5EDFeCUpgMdHwsP9g&amp;quot; data-load-complete=&amp;quot;true&amp;quot;&amp;gt;&amp;lt;/iframe&amp;gt;\nE         (Session info: chrome=142.0.7444.176); For documentation on this error, please visit: https://www.selenium.dev/documentation/webdriver/troubleshooting/errors#elementclickinterceptedexception\nE       Stacktrace:\nE       Symbols not available. Dumping unresolved backtrace:\nE       \t0x7ff64bf3a235\nE       \t0x7ff64bc92630\nE       \t0x7ff64ba216dd\nE       \t0x7ff64ba824c9\nE       \t0x7ff64ba7fe4e\nE       \t0x7ff64ba7cd71\nE       \t0x7ff64ba7bc10\nE       \t0x7ff64ba6d3a8\nE       \t0x7ff64baa2b0a\nE       \t0x7ff64ba6cc36\nE       \t0x7ff64bacbaba\nE       \t0x7ff64ba6b0ed\nE       \t0x7ff64ba6bf63\nE       \t0x7ff64bf65d60\nE       \t0x7ff64bf5fe8a\nE       \t0x7ff64bf81005\nE       \t0x7ff64bcad71e\nE       \t0x7ff64bcb4e1f\nE       \t0x7ff64bc9b7c4\nE       \t0x7ff64bc9b97f\nE       \t0x7ff64bc818e8\nE       \t0x7ffca86d7374\nE       \t0x7ffca977cc91\n\n.venv\\Lib\\site-packages\\selenium\\webdriver\\remote\\errorhandler.py:232: ElementClickInterceptedException\n\n------------------------------ Captured log call -------------------------------\nINFO     root:test_cart.py:117 ********Home Page is displayed********************\nINFO     root:test_cart.py:121 ********Products Page is displayed********************\n\n&#34;}], &#34;test_cases/test_login.py::Test01Login::test_valid_login&#34;: [{&#34;extras&#34;: [], &#34;result&#34;: &#34;Passed&#34;, &#34;testId&#34;: &#34;test_cases/test_login.py::Test01Login::test_valid_login&#34;, &#34;duration&#34;: &#34;00:00:17&#34;, &#34;resultsTableRow&#34;: [&#34;&lt;td class=\&#34;col-result\&#34;&gt;Passed&lt;/td&gt;&#34;, &#34;&lt;td class=\&#34;col-testId\&#34;&gt;test_cases/test_login.py::Test01Login::test_valid_login&lt;/td&gt;&#34;, &#34;&lt;td class=\&#34;col-duration\&#34;&gt;00:00:17&lt;/td&gt;&#34;, &#34;&lt;td class=\&#34;col-links\&#34;&gt;&lt;/td&gt;&#34;], &#34;log&#34;: &#34;[gw2] win32 -- Python 3.13.5 C:\\Users\\Tapshyu Ganvir\\PycharmProjects\\automationexercise\\.venv\\Scripts\\python.exe\n\n------------------------------ Captured log call -------------------------------\nINFO     root:test_login.py:56 *********Login with Valid Credentials********************\nINFO     root:test_login.py:68 ********User Login Successfully********************\n\n&#34;}], &#34;test_cases/test_orders.py::TestOrders::test_place_order_with_register_flow&#34;: [{&#34;extras&#34;: [], &#34;result&#34;: &#34;Passed&#34;, &#34;testId&#34;: &#34;test_cases/test_orders.py::TestOrders::test_place_order_with_register_flow&#34;, &#34;duration&#34;: &#34;0 ms&#34;, &#34;resultsTableRow&#34;: [&#34;&lt;td class=\&#34;col-result\&#34;&gt;Passed&lt;/td&gt;&#34;, &#34;&lt;td class=\&#34;col-testId\&#34;&gt;test_cases/test_orders.py::TestOrders::test_place_order_with_register_flow&lt;/td&gt;&#34;, &#34;&lt;td class=\&#34;col-duration\&#34;&gt;0 ms&lt;/td&gt;&#34;, &#34;&lt;td class=\&#34;col-links\&#34;&gt;&lt;/td&gt;&#34;], &#34;log&#34;: &#34;[gw2] win32 -- Python 3.13.5 C:\\Users\\Tapshyu Ganvir\\PycharmProjects\\automationexercise\\.venv\\Scripts\\python.exe\n&#34;}], &#34;test_cases/test_register.py::Test02Register::test_register_page_title&#34;: [{&#34;extras&#34;: [], &#34;result&#34;: &#34;Passed&#34;, &#34;testId&#34;: &#34;test_cases/test_register.py::Test02Register::test_register_page_title&#34;, &#34;duration&#34;: &#34;00:00:10&#34;, &#34;resultsTableRow&#34;: [&#34;&lt;td class=\&#34;col-result\&#34;&gt;Passed&lt;/td&gt;&#34;, &#34;&lt;td class=\&#34;col-testId\&#34;&gt;test_cases/test_register.py::Test02Register::test_register_page_title&lt;/td&gt;&#34;, &#34;&lt;td class=\&#34;col-duration\&#34;&gt;00:00:10&lt;/td&gt;&#34;, &#34;&lt;td class=\&#34;col-links\&#34;&gt;&lt;/td&gt;&#34;], &#34;log&#34;: &#34;[gw2] win32 -- Python 3.13.5 C:\\Users\\Tapshyu Ganvir\\PycharmProjects\\automationexercise\\.venv\\Scripts\\python.exe\n\n------------------------------ Captured log call -------------------------------\nINFO     root:test_register.py:44 *********Register Page is displayed ********************\n\n&#34;}], &#34;test_cases/test_login.py::Test01Login::test_invalid_login&#34;: [{&#34;extras&#34;: [], &#34;result&#34;: &#34;Passed&#34;, &#34;testId&#34;: &#34;test_cases/test_login.py::Test01Login::test_invalid_login&#34;, &#34;duration&#34;: &#34;00:00:22&#34;, &#34;resultsTableRow&#34;: [&#34;&lt;td class=\&#34;col-result\&#34;&gt;Passed&lt;/td&gt;&#34;, &#34;&lt;td class=\&#34;col-testId\&#34;&gt;test_cases/test_login.py::Test01Login::test_invalid_login&lt;/td&gt;&#34;, &#34;&lt;td class=\&#34;col-duration\&#34;&gt;00:00:22&lt;/td&gt;&#34;, &#34;&lt;td class=\&#34;col-links\&#34;&gt;&lt;/td&gt;&#34;], &#34;log&#34;: &#34;[gw1] win32 -- Python 3.13.5 C:\\Users\\Tapshyu Ganvir\\PycharmProjects\\automationexercise\\.venv\\Scripts\\python.exe\n\n------------------------------ Captured log call -------------------------------\nINFO     root:test_login.py:90 ********Login with Invalid Credentials********************\nINFO     root:test_login.py:102 ********User Not Login Successfully********************\n\n&#34;}], &#34;test_cases/test_login.py::Test01Login::test_logout&#34;: [{&#34;extras&#34;: [], &#34;result&#34;: &#34;Passed&#34;, &#34;testId&#34;: &#34;test_cases/test_login.py::Test01Login::test_logout&#34;, &#34;duration&#34;: &#34;00:00:19&#34;, &#34;resultsTableRow&#34;: [&#34;&lt;td class=\&#34;col-result\&#34;&gt;Passed&lt;/td&gt;&#34;, &#34;&lt;td class=\&#34;col-testId\&#34;&gt;test_cases/test_login.py::Test01Login::test_logout&lt;/td&gt;&#34;, &#34;&lt;td class=\&#34;col-duration\&#34;&gt;00:00:19&lt;/td&gt;&#34;, &#34;&lt;td class=\&#34;col-links\&#34;&gt;&lt;/td&gt;&#34;], &#34;log&#34;: &#34;[gw0] win32 -- Python 3.13.5 C:\\Users\\Tapshyu Ganvir\\PycharmProjects\\automationexercise\\.venv\\Scripts\\python.exe\n\n------------------------------ Captured log call -------------------------------\nINFO     root:test_login.py:126 ********Logout User********************\nINFO     root:test_login.py:138 ********User Login Successfully********************\nINFO     root:test_login.py:142 ********User Logout Successfully********************\n\n&#34;}], &#34;test_cases/test_products.py::TestProducts::test_search_product&#34;: [{&#34;extras&#34;: [], &#34;result&#34;: &#34;Failed&#34;, &#34;testId&#34;: &#34;test_cases/test_products.py::TestProducts::test_search_product&#34;, &#34;duration&#34;: &#34;00:00:17&#34;, &#34;resultsTableRow&#34;: [&#34;&lt;td class=\&#34;col-result\&#34;&gt;Failed&lt;/td&gt;&#34;, &#34;&lt;td class=\&#34;col-testId\&#34;&gt;test_cases/test_products.py::TestProducts::test_search_product&lt;/td&gt;&#34;, &#34;&lt;td class=\&#34;col-duration\&#34;&gt;00:00:17&lt;/td&gt;&#34;, &#34;&lt;td class=\&#34;col-links\&#34;&gt;&lt;/td&gt;&#34;], &#34;log&#34;: &#34;[gw0] win32 -- Python 3.13.5 C:\\Users\\Tapshyu Ganvir\\PycharmProjects\\automationexercise\\.venv\\Scripts\\python.exe\n\nself = &amp;lt;test_cases.test_products.TestProducts object at 0x000001DC08293C50&amp;gt;\nsetup = &amp;lt;selenium.webdriver.chrome.webdriver.WebDriver (session=&amp;quot;4f26ee0972f9e097c7182b269eca6a8e&amp;quot;)&amp;gt;\n\n    @pytest.mark.sanity\n    @pytest.mark.regression\n    def test_search_product(self,setup):\n        self.logger.info(&amp;quot;------Product Page Displayed------&amp;quot;)\n        self.driver = setup\n        self.driver.get(self.Url)\n        self.driver.maximize_window()\n        self.homemenu = HomePage(self.driver)\n        self.homemenu.home_page(&amp;#x27;Products&amp;#x27;)\n        if self.driver.current_url == &amp;quot;https://automationexercise.com/products&amp;quot;:\n            assert True\n            self.logger.info(&amp;quot;********Product Page Displayed and All products displayed********************&amp;quot;)\n            self.driver.execute_script(&amp;quot;window.scrollTo(0, 50);&amp;quot;)\n            time.sleep(2)\n        else:\n            self.logger.info(&amp;quot;********Product Page not displayed********************&amp;quot;)\n            self.driver.close()\n            assert False\n        self.product = ProductPage(self.driver)\n        search_keyword = &amp;#x27;Top&amp;#x27;\n        self.logger.info(f&amp;quot;********Searching the {search_keyword}********************&amp;quot;)\n        self.product.serach_product(search_keyword)\n        searched_items = self.driver.find_elements(By.XPATH,&amp;quot;//div[@class=&amp;#x27;productinfo text-center&amp;#x27;]//p&amp;quot;)\n        for items in searched_items:\n            self.logger.info(f&amp;quot;********Result Found {items.text}********************&amp;quot;)\n            item_names = items.text.strip()\n            if item_names:\n                print(&amp;quot;Checking Item Name&amp;quot;, item_names)\n&amp;gt;               assert search_keyword.lower() in item_names.lower()\nE               AssertionError: assert &amp;#x27;top&amp;#x27; in &amp;#x27;little girls mr. panda shirt&amp;#x27;\nE                +  where &amp;#x27;top&amp;#x27; = &amp;lt;built-in method lower of str object at 0x000001DC07B52EB0&amp;gt;()\nE                +    where &amp;lt;built-in method lower of str object at 0x000001DC07B52EB0&amp;gt; = &amp;#x27;Top&amp;#x27;.lower\nE                +  and   &amp;#x27;little girls mr. panda shirt&amp;#x27; = &amp;lt;built-in method lower of str object at 0x000001DC08847550&amp;gt;()\nE                +    where &amp;lt;built-in method lower of str object at 0x000001DC08847550&amp;gt; = &amp;#x27;Little Girls Mr. Panda Shirt&amp;#x27;.lower\n\ntest_cases\\test_products.py:92: AssertionError\n\n------------------------------ Captured log call -------------------------------\nINFO     root:test_products.py:67 ------Product Page Displayed------\nINFO     root:test_products.py:75 ********Product Page Displayed and All products displayed********************\nINFO     root:test_products.py:84 ********Searching the Top********************\nINFO     root:test_products.py:88 ********Result Found Blue Top********************\nINFO     root:test_products.py:88 ********Result Found Winter Top********************\nINFO     root:test_products.py:88 ********Result Found Summer White Top********************\nINFO     root:test_products.py:88 ********Result Found Madame Top For Women********************\nINFO     root:test_products.py:88 ********Result Found Fancy Green Top********************\nINFO     root:test_products.py:88 ********Result Found Sleeves Printed Top - White********************\nINFO     root:test_products.py:88 ********Result Found Half Sleeves Top Schiffli Detailing - Pink********************\nINFO     root:test_products.py:88 ********Result Found Frozen Tops For Kids********************\nINFO     root:test_products.py:88 ********Result Found Full Sleeves Top Cherry - Pink********************\nINFO     root:test_products.py:88 ********Result Found Printed Off Shoulder Top - White********************\nINFO     root:test_products.py:88 ********Result Found Sleeves Top and Short - Blue &amp;amp; Pink********************\nINFO     root:test_products.py:88 ********Result Found Little Girls Mr. Panda Shirt********************\n\n&#34;}], &#34;test_cases/test_products.py::TestProducts::test_product_page&#34;: [{&#34;extras&#34;: [], &#34;result&#34;: &#34;Passed&#34;, &#34;testId&#34;: &#34;test_cases/test_products.py::TestProducts::test_product_page&#34;, &#34;duration&#34;: &#34;00:00:32&#34;, &#34;resultsTableRow&#34;: [&#34;&lt;td class=\&#34;col-result\&#34;&gt;Passed&lt;/td&gt;&#34;, &#34;&lt;td class=\&#34;col-testId\&#34;&gt;test_cases/test_products.py::TestProducts::test_product_page&lt;/td&gt;&#34;, &#34;&lt;td class=\&#34;col-duration\&#34;&gt;00:00:32&lt;/td&gt;&#34;, &#34;&lt;td class=\&#34;col-links\&#34;&gt;&lt;/td&gt;&#34;], &#34;log&#34;: &#34;[gw1] win32 -- Python 3.13.5 C:\\Users\\Tapshyu Ganvir\\PycharmProjects\\automationexercise\\.venv\\Scripts\\python.exe\n\n------------------------------ Captured log call -------------------------------\nINFO     root:test_products.py:28 ------Product Page Displayed------\nINFO     root:test_products.py:36 ********Product Page Displayed and All products displayed********************\nINFO     root:test_products.py:46 ********Single Product Information is displayed********************\n\n---------------------------- Captured log teardown -----------------------------\nWARNING  urllib3.connectionpool:connectionpool.py:868 Retrying (Retry(total=2, connect=None, read=None, redirect=None, status=None)) after connection broken by &amp;#x27;NewConnectionError(&amp;quot;HTTPConnection(host=&amp;#x27;localhost&amp;#x27;, port=65435): Failed to establish a new connection: [WinError 10061] No connection could be made because the target machine actively refused it&amp;quot;)&amp;#x27;: /session/e79860a8e9090e27ca9e77e679464453\nWARNING  urllib3.connectionpool:connectionpool.py:868 Retrying (Retry(total=1, connect=None, read=None, redirect=None, status=None)) after connection broken by &amp;#x27;NewConnectionError(&amp;quot;HTTPConnection(host=&amp;#x27;localhost&amp;#x27;, port=65435): Failed to establish a new connection: [WinError 10061] No connection could be made because the target machine actively refused it&amp;quot;)&amp;#x27;: /session/e79860a8e9090e27ca9e77e679464453\nWARNING  urllib3.connectionpool:connectionpool.py:868 Retrying (Retry(total=0, connect=None, read=None, redirect=None, status=None)) after connection broken by &amp;#x27;NewConnectionError(&amp;quot;HTTPConnection(host=&amp;#x27;localhost&amp;#x27;, port=65435): Failed to establish a new connection: [WinError 10061] No connection could be made because the target machine actively refused it&amp;quot;)&amp;#x27;: /session/e79860a8e9090e27ca9e77e679464453&#34;}], &#34;test_cases/test_register.py::Test02Register::test_register_user&#34;: [{&#34;extras&#34;: [], &#34;result&#34;: &#34;Passed&#34;, &#34;testId&#34;: &#34;test_cases/test_register.py::Test02Register::test_register_user&#34;, &#34;duration&#34;: &#34;00:00:40&#34;, &#34;resultsTableRow&#34;: [&#34;&lt;td class=\&#34;col-result\&#34;&gt;Passed&lt;/td&gt;&#34;, &#34;&lt;td class=\&#34;col-testId\&#34;&gt;test_cases/test_register.py::Test02Register::test_register_user&lt;/td&gt;&#34;, &#34;&lt;td class=\&#34;col-duration\&#34;&gt;00:00:40&lt;/td&gt;&#34;, &#34;&lt;td class=\&#34;col-links\&#34;&gt;&lt;/td&gt;&#34;], &#34;log&#34;: &#34;[gw2] win32 -- Python 3.13.5 C:\\Users\\Tapshyu Ganvir\\PycharmProjects\\automationexercise\\.venv\\Scripts\\python.exe\n\n------------------------------ Captured log call -------------------------------\nINFO     root:test_register.py:71 *********Register Page is displayed********************\nINFO     root:test_register.py:90 ACCOUNT CREATED!\nINFO     root:test_register.py:91 Congratulations! Your new account has been successfully created!\nINFO     root:test_register.py:92 You can now take advantage of member privileges to enhance your online shopping experience with us.\nINFO     root:test_register.py:105 ACCOUNT DELETED!\nINFO     root:test_register.py:106 Your account has been permanently deleted!\nINFO     root:test_register.py:107 You can create new account to take advantage of member privileges to enhance your online shopping experience with us.\n\n&#34;}], &#34;test_cases/test_subscription.py::TestSubscription::test_verify_subscription_on_home_page&#34;: [{&#34;extras&#34;: [], &#34;result&#34;: &#34;Passed&#34;, &#34;testId&#34;: &#34;test_cases/test_subscription.py::TestSubscription::test_verify_subscription_on_home_page&#34;, &#34;duration&#34;: &#34;00:00:12&#34;, &#34;resultsTableRow&#34;: [&#34;&lt;td class=\&#34;col-result\&#34;&gt;Passed&lt;/td&gt;&#34;, &#34;&lt;td class=\&#34;col-testId\&#34;&gt;test_cases/test_subscription.py::TestSubscription::test_verify_subscription_on_home_page&lt;/td&gt;&#34;, &#34;&lt;td class=\&#34;col-duration\&#34;&gt;00:00:12&lt;/td&gt;&#34;, &#34;&lt;td class=\&#34;col-links\&#34;&gt;&lt;/td&gt;&#34;], &#34;log&#34;: &#34;[gw1] win32 -- Python 3.13.5 C:\\Users\\Tapshyu Ganvir\\PycharmProjects\\automationexercise\\.venv\\Scripts\\python.exe\n\n------------------------------ Captured log call -------------------------------\nINFO     root:test_subscription.py:27 ------Home Page Displayed------\nINFO     root:test_subscription.py:34 ------SUBSCRIPTION Displayed on Home Page------\n\n&#34;}], &#34;test_cases/test_subscription.py::TestSubscription::test_verify_subscription_on_cart_page&#34;: [{&#34;extras&#34;: [], &#34;result&#34;: &#34;Passed&#34;, &#34;testId&#34;: &#34;test_cases/test_subscription.py::TestSubscription::test_verify_subscription_on_cart_page&#34;, &#34;duration&#34;: &#34;00:00:22&#34;, &#34;resultsTableRow&#34;: [&#34;&lt;td class=\&#34;col-result\&#34;&gt;Passed&lt;/td&gt;&#34;, &#34;&lt;td class=\&#34;col-testId\&#34;&gt;test_cases/test_subscription.py::TestSubscription::test_verify_subscription_on_cart_page&lt;/td&gt;&#34;, &#34;&lt;td class=\&#34;col-duration\&#34;&gt;00:00:22&lt;/td&gt;&#34;, &#34;&lt;td class=\&#34;col-links\&#34;&gt;&lt;/td&gt;&#34;], &#34;log&#34;: &#34;[gw0] win32 -- Python 3.13.5 C:\\Users\\Tapshyu Ganvir\\PycharmProjects\\automationexercise\\.venv\\Scripts\\python.exe\n\n------------------------------ Captured log call -------------------------------\nINFO     root:test_subscription.py:57 ------Home Page Displayed------\nINFO     root:test_subscription.py:63 ------Cart Page Displayed------\nINFO     root:test_subscription.py:71 ------SUBSCRIPTION Displayed on Home Page------\n\n&#34;}], &#34;test_cases/test_register.py::Test02Register::test_register_user_with_existing_email&#34;: [{&#34;extras&#34;: [], &#34;result&#34;: &#34;Passed&#34;, &#34;testId&#34;: &#34;test_cases/test_register.py::Test02Register::test_register_user_with_existing_email&#34;, &#34;duration&#34;: &#34;00:00:18&#34;, &#34;resultsTableRow&#34;: [&#34;&lt;td class=\&#34;col-result\&#34;&gt;Passed&lt;/td&gt;&#34;, &#34;&lt;td class=\&#34;col-testId\&#34;&gt;test_cases/test_register.py::Test02Register::test_register_user_with_existing_email&lt;/td&gt;&#34;, &#34;&lt;td class=\&#34;col-duration\&#34;&gt;00:00:18&lt;/td&gt;&#34;, &#34;&lt;td class=\&#34;col-links\&#34;&gt;&lt;/td&gt;&#34;], &#34;log&#34;: &#34;[gw2] win32 -- Python 3.13.5 C:\\Users\\Tapshyu Ganvir\\PycharmProjects\\automationexercise\\.venv\\Scripts\\python.exe\n\n------------------------------ Captured log call -------------------------------\nINFO     root:test_register.py:133 *********Register User Page is displayed********************\nINFO     root:test_register.py:143 Email Address already exist!\n\n&#34;}]}, &#34;renderCollapsed&#34;: [&#34;passed&#34;], &#34;initialSort&#34;: &#34;result&#34;, &#34;title&#34;: &#34;report_13-07-51.html&#34;}"></div>
    <script>
      (function(){function r(e,n,t){function o(i,f){if(!n[i]){if(!e[i]){var c="function"==typeof require&&require;if(!f&&c)return c(i,!0);if(u)return u(i,!0);var a=new Error("Cannot find module '"+i+"'");throw a.code="MODULE_NOT_FOUND",a}var p=n[i]={exports:{}};e[i][0].call(p.exports,function(r){var n=e[i][1][r];return o(n||r)},p,p.exports,r,e,n,t)}return n[i].exports}for(var u="function"==typeof require&&require,i=0;i<t.length;i++)o(t[i]);return o}return r})()({1:[function(require,module,exports){
const { getCollapsedCategory, setCollapsedIds } = require('./storage.js')

class DataManager {
    setManager(data) {
        const collapsedCategories = [...getCollapsedCategory(data.renderCollapsed)]
        const collapsedIds = []
        const tests = Object.values(data.tests).flat().map((test, index) => {
            const collapsed = collapsedCategories.includes(test.result.toLowerCase())
            const id = `test_${index}`
            if (collapsed) {
                collapsedIds.push(id)
            }
            return {
                ...test,
                id,
                collapsed,
            }
        })
        const dataBlob = { ...data, tests }
        this.data = { ...dataBlob }
        this.renderData = { ...dataBlob }
        setCollapsedIds(collapsedIds)
    }

    get allData() {
        return { ...this.data }
    }

    resetRender() {
        this.renderData = { ...this.data }
    }

    setRender(data) {
        this.renderData.tests = [...data]
    }

    toggleCollapsedItem(id) {
        this.renderData.tests = this.renderData.tests.map((test) =>
            test.id === id ? { ...test, collapsed: !test.collapsed } : test,
        )
    }

    set allCollapsed(collapsed) {
        this.renderData = { ...this.renderData, tests: [...this.renderData.tests.map((test) => (
            { ...test, collapsed }
        ))] }
    }

    get testSubset() {
        return [...this.renderData.tests]
    }

    get environment() {
        return this.renderData.environment
    }

    get initialSort() {
        return this.data.initialSort
    }
}

module.exports = {
    manager: new DataManager(),
}

},{"./storage.js":8}],2:[function(require,module,exports){
const mediaViewer = require('./mediaviewer.js')
const templateEnvRow = document.getElementById('template_environment_row')
const templateResult = document.getElementById('template_results-table__tbody')

function htmlToElements(html) {
    const temp = document.createElement('template')
    temp.innerHTML = html
    return temp.content.childNodes
}

const find = (selector, elem) => {
    if (!elem) {
        elem = document
    }
    return elem.querySelector(selector)
}

const findAll = (selector, elem) => {
    if (!elem) {
        elem = document
    }
    return [...elem.querySelectorAll(selector)]
}

const dom = {
    getStaticRow: (key, value) => {
        const envRow = templateEnvRow.content.cloneNode(true)
        const isObj = typeof value === 'object' && value !== null
        const values = isObj ? Object.keys(value).map((k) => `${k}: ${value[k]}`) : null

        const valuesElement = htmlToElements(
            values ? `<ul>${values.map((val) => `<li>${val}</li>`).join('')}<ul>` : `<div>${value}</div>`)[0]
        const td = findAll('td', envRow)
        td[0].textContent = key
        td[1].appendChild(valuesElement)

        return envRow
    },
    getResultTBody: ({ testId, id, log, extras, resultsTableRow, tableHtml, result, collapsed }) => {
        const resultBody = templateResult.content.cloneNode(true)
        resultBody.querySelector('tbody').classList.add(result.toLowerCase())
        resultBody.querySelector('tbody').id = testId
        resultBody.querySelector('.collapsible').dataset.id = id

        resultsTableRow.forEach((html) => {
            const t = document.createElement('template')
            t.innerHTML = html
            resultBody.querySelector('.collapsible').appendChild(t.content)
        })

        if (log) {
            // Wrap lines starting with "E" with span.error to color those lines red
            const wrappedLog = log.replace(/^E.*$/gm, (match) => `<span class="error">${match}</span>`)
            resultBody.querySelector('.log').innerHTML = wrappedLog
        } else {
            resultBody.querySelector('.log').remove()
        }

        if (collapsed) {
            resultBody.querySelector('.collapsible > td')?.classList.add('collapsed')
            resultBody.querySelector('.extras-row').classList.add('hidden')
        } else {
            resultBody.querySelector('.collapsible > td')?.classList.remove('collapsed')
        }

        const media = []
        extras?.forEach(({ name, format_type, content }) => {
            if (['image', 'video'].includes(format_type)) {
                media.push({ path: content, name, format_type })
            }

            if (format_type === 'html') {
                resultBody.querySelector('.extraHTML').insertAdjacentHTML('beforeend', `<div>${content}</div>`)
            }
        })
        mediaViewer.setup(resultBody, media)

        // Add custom html from the pytest_html_results_table_html hook
        tableHtml?.forEach((item) => {
            resultBody.querySelector('td[class="extra"]').insertAdjacentHTML('beforeend', item)
        })

        return resultBody
    },
}

module.exports = {
    dom,
    htmlToElements,
    find,
    findAll,
}

},{"./mediaviewer.js":6}],3:[function(require,module,exports){
const { manager } = require('./datamanager.js')
const { doSort } = require('./sort.js')
const storageModule = require('./storage.js')

const getFilteredSubSet = (filter) =>
    manager.allData.tests.filter(({ result }) => filter.includes(result.toLowerCase()))

const doInitFilter = () => {
    const currentFilter = storageModule.getVisible()
    const filteredSubset = getFilteredSubSet(currentFilter)
    manager.setRender(filteredSubset)
}

const doFilter = (type, show) => {
    if (show) {
        storageModule.showCategory(type)
    } else {
        storageModule.hideCategory(type)
    }

    const currentFilter = storageModule.getVisible()
    const filteredSubset = getFilteredSubSet(currentFilter)
    manager.setRender(filteredSubset)

    const sortColumn = storageModule.getSort()
    doSort(sortColumn, true)
}

module.exports = {
    doFilter,
    doInitFilter,
}

},{"./datamanager.js":1,"./sort.js":7,"./storage.js":8}],4:[function(require,module,exports){
const { redraw, bindEvents, renderStatic } = require('./main.js')
const { doInitFilter } = require('./filter.js')
const { doInitSort } = require('./sort.js')
const { manager } = require('./datamanager.js')
const data = JSON.parse(document.getElementById('data-container').dataset.jsonblob)

function init() {
    manager.setManager(data)
    doInitFilter()
    doInitSort()
    renderStatic()
    redraw()
    bindEvents()
}

init()

},{"./datamanager.js":1,"./filter.js":3,"./main.js":5,"./sort.js":7}],5:[function(require,module,exports){
const { dom, find, findAll } = require('./dom.js')
const { manager } = require('./datamanager.js')
const { doSort } = require('./sort.js')
const { doFilter } = require('./filter.js')
const {
    getVisible,
    getCollapsedIds,
    setCollapsedIds,
    getSort,
    getSortDirection,
    possibleFilters,
} = require('./storage.js')

const removeChildren = (node) => {
    while (node.firstChild) {
        node.removeChild(node.firstChild)
    }
}

const renderStatic = () => {
    const renderEnvironmentTable = () => {
        const environment = manager.environment
        const rows = Object.keys(environment).map((key) => dom.getStaticRow(key, environment[key]))
        const table = document.getElementById('environment')
        removeChildren(table)
        rows.forEach((row) => table.appendChild(row))
    }
    renderEnvironmentTable()
}

const addItemToggleListener = (elem) => {
    elem.addEventListener('click', ({ target }) => {
        const id = target.parentElement.dataset.id
        manager.toggleCollapsedItem(id)

        const collapsedIds = getCollapsedIds()
        if (collapsedIds.includes(id)) {
            const updated = collapsedIds.filter((item) => item !== id)
            setCollapsedIds(updated)
        } else {
            collapsedIds.push(id)
            setCollapsedIds(collapsedIds)
        }
        redraw()
    })
}

const renderContent = (tests) => {
    const sortAttr = getSort(manager.initialSort)
    const sortAsc = JSON.parse(getSortDirection())
    const rows = tests.map(dom.getResultTBody)
    const table = document.getElementById('results-table')
    const tableHeader = document.getElementById('results-table-head')

    const newTable = document.createElement('table')
    newTable.id = 'results-table'

    // remove all sorting classes and set the relevant
    findAll('.sortable', tableHeader).forEach((elem) => elem.classList.remove('asc', 'desc'))
    tableHeader.querySelector(`.sortable[data-column-type="${sortAttr}"]`)?.classList.add(sortAsc ? 'desc' : 'asc')
    newTable.appendChild(tableHeader)

    if (!rows.length) {
        const emptyTable = document.getElementById('template_results-table__body--empty').content.cloneNode(true)
        newTable.appendChild(emptyTable)
    } else {
        rows.forEach((row) => {
            if (!!row) {
                findAll('.collapsible td:not(.col-links', row).forEach(addItemToggleListener)
                find('.logexpander', row).addEventListener('click',
                    (evt) => evt.target.parentNode.classList.toggle('expanded'),
                )
                newTable.appendChild(row)
            }
        })
    }

    table.replaceWith(newTable)
}

const renderDerived = () => {
    const currentFilter = getVisible()
    possibleFilters.forEach((result) => {
        const input = document.querySelector(`input[data-test-result="${result}"]`)
        input.checked = currentFilter.includes(result)
    })
}

const bindEvents = () => {
    const filterColumn = (evt) => {
        const { target: element } = evt
        const { testResult } = element.dataset

        doFilter(testResult, element.checked)
        const collapsedIds = getCollapsedIds()
        const updated = manager.renderData.tests.map((test) => {
            return {
                ...test,
                collapsed: collapsedIds.includes(test.id),
            }
        })
        manager.setRender(updated)
        redraw()
    }

    const header = document.getElementById('environment-header')
    header.addEventListener('click', () => {
        const table = document.getElementById('environment')
        table.classList.toggle('hidden')
        header.classList.toggle('collapsed')
    })

    findAll('input[name="filter_checkbox"]').forEach((elem) => {
        elem.addEventListener('click', filterColumn)
    })

    findAll('.sortable').forEach((elem) => {
        elem.addEventListener('click', (evt) => {
            const { target: element } = evt
            const { columnType } = element.dataset
            doSort(columnType)
            redraw()
        })
    })

    document.getElementById('show_all_details').addEventListener('click', () => {
        manager.allCollapsed = false
        setCollapsedIds([])
        redraw()
    })
    document.getElementById('hide_all_details').addEventListener('click', () => {
        manager.allCollapsed = true
        const allIds = manager.renderData.tests.map((test) => test.id)
        setCollapsedIds(allIds)
        redraw()
    })
}

const redraw = () => {
    const { testSubset } = manager

    renderContent(testSubset)
    renderDerived()
}

module.exports = {
    redraw,
    bindEvents,
    renderStatic,
}

},{"./datamanager.js":1,"./dom.js":2,"./filter.js":3,"./sort.js":7,"./storage.js":8}],6:[function(require,module,exports){
class MediaViewer {
    constructor(assets) {
        this.assets = assets
        this.index = 0
    }

    nextActive() {
        this.index = this.index === this.assets.length - 1 ? 0 : this.index + 1
        return [this.activeFile, this.index]
    }

    prevActive() {
        this.index = this.index === 0 ? this.assets.length - 1 : this.index -1
        return [this.activeFile, this.index]
    }

    get currentIndex() {
        return this.index
    }

    get activeFile() {
        return this.assets[this.index]
    }
}


const setup = (resultBody, assets) => {
    if (!assets.length) {
        resultBody.querySelector('.media').classList.add('hidden')
        return
    }

    const mediaViewer = new MediaViewer(assets)
    const container = resultBody.querySelector('.media-container')
    const leftArrow = resultBody.querySelector('.media-container__nav--left')
    const rightArrow = resultBody.querySelector('.media-container__nav--right')
    const mediaName = resultBody.querySelector('.media__name')
    const counter = resultBody.querySelector('.media__counter')
    const imageEl = resultBody.querySelector('img')
    const sourceEl = resultBody.querySelector('source')
    const videoEl = resultBody.querySelector('video')

    const setImg = (media, index) => {
        if (media?.format_type === 'image') {
            imageEl.src = media.path

            imageEl.classList.remove('hidden')
            videoEl.classList.add('hidden')
        } else if (media?.format_type === 'video') {
            sourceEl.src = media.path

            videoEl.classList.remove('hidden')
            imageEl.classList.add('hidden')
        }

        mediaName.innerText = media?.name
        counter.innerText = `${index + 1} / ${assets.length}`
    }
    setImg(mediaViewer.activeFile, mediaViewer.currentIndex)

    const moveLeft = () => {
        const [media, index] = mediaViewer.prevActive()
        setImg(media, index)
    }
    const doRight = () => {
        const [media, index] = mediaViewer.nextActive()
        setImg(media, index)
    }
    const openImg = () => {
        window.open(mediaViewer.activeFile.path, '_blank')
    }
    if (assets.length === 1) {
        container.classList.add('media-container--fullscreen')
    } else {
        leftArrow.addEventListener('click', moveLeft)
        rightArrow.addEventListener('click', doRight)
    }
    imageEl.addEventListener('click', openImg)
}

module.exports = {
    setup,
}

},{}],7:[function(require,module,exports){
const { manager } = require('./datamanager.js')
const storageModule = require('./storage.js')

const genericSort = (list, key, ascending, customOrder) => {
    let sorted
    if (customOrder) {
        sorted = list.sort((a, b) => {
            const aValue = a.result.toLowerCase()
            const bValue = b.result.toLowerCase()

            const aIndex = customOrder.findIndex((item) => item.toLowerCase() === aValue)
            const bIndex = customOrder.findIndex((item) => item.toLowerCase() === bValue)

            // Compare the indices to determine the sort order
            return aIndex - bIndex
        })
    } else {
        sorted = list.sort((a, b) => a[key] === b[key] ? 0 : a[key] > b[key] ? 1 : -1)
    }

    if (ascending) {
        sorted.reverse()
    }
    return sorted
}

const durationSort = (list, ascending) => {
    const parseDuration = (duration) => {
        if (duration.includes(':')) {
            // If it's in the format "HH:mm:ss"
            const [hours, minutes, seconds] = duration.split(':').map(Number)
            return (hours * 3600 + minutes * 60 + seconds) * 1000
        } else {
            // If it's in the format "nnn ms"
            return parseInt(duration)
        }
    }
    const sorted = list.sort((a, b) => parseDuration(a['duration']) - parseDuration(b['duration']))
    if (ascending) {
        sorted.reverse()
    }
    return sorted
}

const doInitSort = () => {
    const type = storageModule.getSort(manager.initialSort)
    const ascending = storageModule.getSortDirection()
    const list = manager.testSubset
    const initialOrder = ['Error', 'Failed', 'Rerun', 'XFailed', 'XPassed', 'Skipped', 'Passed']

    storageModule.setSort(type)
    storageModule.setSortDirection(ascending)

    if (type?.toLowerCase() === 'original') {
        manager.setRender(list)
    } else {
        let sortedList
        switch (type) {
        case 'duration':
            sortedList = durationSort(list, ascending)
            break
        case 'result':
            sortedList = genericSort(list, type, ascending, initialOrder)
            break
        default:
            sortedList = genericSort(list, type, ascending)
            break
        }
        manager.setRender(sortedList)
    }
}

const doSort = (type, skipDirection) => {
    const newSortType = storageModule.getSort(manager.initialSort) !== type
    const currentAsc = storageModule.getSortDirection()
    let ascending
    if (skipDirection) {
        ascending = currentAsc
    } else {
        ascending = newSortType ? false : !currentAsc
    }
    storageModule.setSort(type)
    storageModule.setSortDirection(ascending)

    const list = manager.testSubset
    const sortedList = type === 'duration' ? durationSort(list, ascending) : genericSort(list, type, ascending)
    manager.setRender(sortedList)
}

module.exports = {
    doInitSort,
    doSort,
}

},{"./datamanager.js":1,"./storage.js":8}],8:[function(require,module,exports){
const possibleFilters = [
    'passed',
    'skipped',
    'failed',
    'error',
    'xfailed',
    'xpassed',
    'rerun',
]

const getVisible = () => {
    const url = new URL(window.location.href)
    const settings = new URLSearchParams(url.search).get('visible')
    const lower = (item) => {
        const lowerItem = item.toLowerCase()
        if (possibleFilters.includes(lowerItem)) {
            return lowerItem
        }
        return null
    }
    return settings === null ?
        possibleFilters :
        [...new Set(settings?.split(',').map(lower).filter((item) => item))]
}

const hideCategory = (categoryToHide) => {
    const url = new URL(window.location.href)
    const visibleParams = new URLSearchParams(url.search).get('visible')
    const currentVisible = visibleParams ? visibleParams.split(',') : [...possibleFilters]
    const settings = [...new Set(currentVisible)].filter((f) => f !== categoryToHide).join(',')

    url.searchParams.set('visible', settings)
    window.history.pushState({}, null, unescape(url.href))
}

const showCategory = (categoryToShow) => {
    if (typeof window === 'undefined') {
        return
    }
    const url = new URL(window.location.href)
    const currentVisible = new URLSearchParams(url.search).get('visible')?.split(',').filter(Boolean) ||
        [...possibleFilters]
    const settings = [...new Set([categoryToShow, ...currentVisible])]
    const noFilter = possibleFilters.length === settings.length || !settings.length

    noFilter ? url.searchParams.delete('visible') : url.searchParams.set('visible', settings.join(','))
    window.history.pushState({}, null, unescape(url.href))
}

const getSort = (initialSort) => {
    const url = new URL(window.location.href)
    let sort = new URLSearchParams(url.search).get('sort')
    if (!sort) {
        sort = initialSort || 'result'
    }
    return sort
}

const setSort = (type) => {
    const url = new URL(window.location.href)
    url.searchParams.set('sort', type)
    window.history.pushState({}, null, unescape(url.href))
}

const getCollapsedCategory = (renderCollapsed) => {
    let categories
    if (typeof window !== 'undefined') {
        const url = new URL(window.location.href)
        const collapsedItems = new URLSearchParams(url.search).get('collapsed')
        switch (true) {
        case !renderCollapsed && collapsedItems === null:
            categories = ['passed']
            break
        case collapsedItems?.length === 0 || /^["']{2}$/.test(collapsedItems):
            categories = []
            break
        case /^all$/.test(collapsedItems) || collapsedItems === null && /^all$/.test(renderCollapsed):
            categories = [...possibleFilters]
            break
        default:
            categories = collapsedItems?.split(',').map((item) => item.toLowerCase()) || renderCollapsed
            break
        }
    } else {
        categories = []
    }
    return categories
}

const getSortDirection = () => JSON.parse(sessionStorage.getItem('sortAsc')) || false
const setSortDirection = (ascending) => sessionStorage.setItem('sortAsc', ascending)

const getCollapsedIds = () => JSON.parse(sessionStorage.getItem('collapsedIds')) || []
const setCollapsedIds = (list) => sessionStorage.setItem('collapsedIds', JSON.stringify(list))

module.exports = {
    getVisible,
    hideCategory,
    showCategory,
    getCollapsedIds,
    setCollapsedIds,
    getSort,
    setSort,
    getSortDirection,
    setSortDirection,
    getCollapsedCategory,
    possibleFilters,
}

},{}]},{},[4]);
    </script>
  </footer>
</html>